# JRE version: Java(TM) SE Runtime Environment (8.0_65-b17) (build 1.8.0_65-b17)
# Java VM: Java HotSpot(TM) 64-Bit Server VM (25.65-b01 mixed mode windows-amd64 compressed oops)
Heap:
 PSYoungGen      total 540672K, used 297315K [0x00000000d5d80000, 0x00000000f7b80000, 0x0000000100000000)
  eden space 527360K, 56% used [0x00000000d5d80000,0x00000000e7fd8d68,0x00000000f6080000)
  from space 13312K, 0% used [0x00000000f6e80000,0x00000000f6e80000,0x00000000f7b80000)
  to   space 13824K, 0% used [0x00000000f6080000,0x00000000f6080000,0x00000000f6e00000)
 ParOldGen       total 106496K, used 47229K [0x0000000081800000, 0x0000000088000000, 0x00000000d5d80000)
  object space 106496K, 44% used [0x0000000081800000,0x000000008461f600,0x0000000088000000)
 Metaspace       used 60493K, capacity 64774K, committed 64984K, reserved 1105920K
  class space    used 7652K, capacity 8359K, committed 8448K, reserved 1048576K
GC Heap History (10 events):
Event: 1876.371 GC heap before
{Heap before GC invocations=44 (full 18):
 PSYoungGen      total 541696K, used 8911K [0x00000000d5d80000, 0x00000000f7d80000, 0x0000000100000000)
  eden space 527360K, 0% used [0x00000000d5d80000,0x00000000d5d80000,0x00000000f6080000)
  from space 14336K, 62% used [0x00000000f6f80000,0x00000000f7833e40,0x00000000f7d80000)
  to   space 14848K, 0% used [0x00000000f6080000,0x00000000f6080000,0x00000000f6f00000)
 ParOldGen       total 106496K, used 45508K [0x0000000081800000, 0x0000000088000000, 0x00000000d5d80000)
  object space 106496K, 42% used [0x0000000081800000,0x00000000844712b0,0x0000000088000000)
 Metaspace       used 59451K, capacity 63640K, committed 63832K, reserved 1105920K
  class space    used 7564K, capacity 8239K, committed 8320K, reserved 1048576K
Event: 1876.805 GC heap after
Heap after GC invocations=44 (full 18):
 PSYoungGen      total 541696K, used 0K [0x00000000d5d80000, 0x00000000f7d80000, 0x0000000100000000)
  eden space 527360K, 0% used [0x00000000d5d80000,0x00000000d5d80000,0x00000000f6080000)
  from space 14336K, 0% used [0x00000000f6f80000,0x00000000f6f80000,0x00000000f7d80000)
  to   space 14848K, 0% used [0x00000000f6080000,0x00000000f6080000,0x00000000f6f00000)
 ParOldGen       total 106496K, used 46458K [0x0000000081800000, 0x0000000088000000, 0x00000000d5d80000)
  object space 106496K, 43% used [0x0000000081800000,0x000000008455e860,0x0000000088000000)
 Metaspace       used 59449K, capacity 63634K, committed 63832K, reserved 1105920K
  class space    used 7564K, capacity 8237K, committed 8320K, reserved 1048576K
}
Event: 1892.141 GC heap before
{Heap before GC invocations=45 (full 18):
 PSYoungGen      total 541696K, used 418183K [0x00000000d5d80000, 0x00000000f7d80000, 0x0000000100000000)
  eden space 527360K, 79% used [0x00000000d5d80000,0x00000000ef5e1e70,0x00000000f6080000)
  from space 14336K, 0% used [0x00000000f6f80000,0x00000000f6f80000,0x00000000f7d80000)
  to   space 14848K, 0% used [0x00000000f6080000,0x00000000f6080000,0x00000000f6f00000)
 ParOldGen       total 106496K, used 46458K [0x0000000081800000, 0x0000000088000000, 0x00000000d5d80000)
  object space 106496K, 43% used [0x0000000081800000,0x000000008455e860,0x0000000088000000)
 Metaspace       used 59849K, capacity 64086K, committed 64344K, reserved 1105920K
  class space    used 7597K, capacity 8280K, committed 8320K, reserved 1048576K
Event: 1892.315 GC heap after
Heap after GC invocations=45 (full 18):
 PSYoungGen      total 536064K, used 8207K [0x00000000d5d80000, 0x00000000f7c80000, 0x0000000100000000)
  eden space 527360K, 0% used [0x00000000d5d80000,0x00000000d5d80000,0x00000000f6080000)
  from space 8704K, 94% used [0x00000000f6080000,0x00000000f6883e40,0x00000000f6900000)
  to   space 14336K, 0% used [0x00000000f6e80000,0x00000000f6e80000,0x00000000f7c80000)
 ParOldGen       total 106496K, used 46458K [0x0000000081800000, 0x0000000088000000, 0x00000000d5d80000)
  object space 106496K, 43% used [0x0000000081800000,0x000000008455e860,0x0000000088000000)
 Metaspace       used 59849K, capacity 64086K, committed 64344K, reserved 1105920K
  class space    used 7597K, capacity 8280K, committed 8320K, reserved 1048576K
}
Event: 1892.315 GC heap before
{Heap before GC invocations=46 (full 19):
 PSYoungGen      total 536064K, used 8207K [0x00000000d5d80000, 0x00000000f7c80000, 0x0000000100000000)
  eden space 527360K, 0% used [0x00000000d5d80000,0x00000000d5d80000,0x00000000f6080000)
  from space 8704K, 94% used [0x00000000f6080000,0x00000000f6883e40,0x00000000f6900000)
  to   space 14336K, 0% used [0x00000000f6e80000,0x00000000f6e80000,0x00000000f7c80000)
 ParOldGen       total 106496K, used 46458K [0x0000000081800000, 0x0000000088000000, 0x00000000d5d80000)
  object space 106496K, 43% used [0x0000000081800000,0x000000008455e860,0x0000000088000000)
 Metaspace       used 59849K, capacity 64086K, committed 64344K, reserved 1105920K
  class space    used 7597K, capacity 8280K, committed 8320K, reserved 1048576K
Event: 1892.701 GC heap after
Heap after GC invocations=46 (full 19):
 PSYoungGen      total 536064K, used 0K [0x00000000d5d80000, 0x00000000f7c80000, 0x0000000100000000)
  eden space 527360K, 0% used [0x00000000d5d80000,0x00000000d5d80000,0x00000000f6080000)
  from space 8704K, 0% used [0x00000000f6080000,0x00000000f6080000,0x00000000f6900000)
  to   space 14336K, 0% used [0x00000000f6e80000,0x00000000f6e80000,0x00000000f7c80000)
 ParOldGen       total 106496K, used 46834K [0x0000000081800000, 0x0000000088000000, 0x00000000d5d80000)
  object space 106496K, 43% used [0x0000000081800000,0x00000000845bca60,0x0000000088000000)
 Metaspace       used 59846K, capacity 64080K, committed 64344K, reserved 1105920K
  class space    used 7596K, capacity 8278K, committed 8320K, reserved 1048576K
}
Event: 1902.701 GC heap before
{Heap before GC invocations=47 (full 19):
 PSYoungGen      total 536064K, used 415324K [0x00000000d5d80000, 0x00000000f7c80000, 0x0000000100000000)
  eden space 527360K, 78% used [0x00000000d5d80000,0x00000000ef3170d8,0x00000000f6080000)
  from space 8704K, 0% used [0x00000000f6080000,0x00000000f6080000,0x00000000f6900000)
  to   space 14336K, 0% used [0x00000000f6e80000,0x00000000f6e80000,0x00000000f7c80000)
 ParOldGen       total 106496K, used 46834K [0x0000000081800000, 0x0000000088000000, 0x00000000d5d80000)
  object space 106496K, 43% used [0x0000000081800000,0x00000000845bca60,0x0000000088000000)
 Metaspace       used 60228K, capacity 64532K, committed 64728K, reserved 1105920K
  class space    used 7629K, capacity 8321K, committed 8448K, reserved 1048576K
Event: 1902.710 GC heap after
Heap after GC invocations=47 (full 19):
 PSYoungGen      total 540672K, used 8310K [0x00000000d5d80000, 0x00000000f7b80000, 0x0000000100000000)
  eden space 527360K, 0% used [0x00000000d5d80000,0x00000000d5d80000,0x00000000f6080000)
  from space 13312K, 62% used [0x00000000f6e80000,0x00000000f769da40,0x00000000f7b80000)
  to   space 13824K, 0% used [0x00000000f6080000,0x00000000f6080000,0x00000000f6e00000)
 ParOldGen       total 106496K, used 46842K [0x0000000081800000, 0x0000000088000000, 0x00000000d5d80000)
  object space 106496K, 43% used [0x0000000081800000,0x00000000845bea60,0x0000000088000000)
 Metaspace       used 60228K, capacity 64532K, committed 64728K, reserved 1105920K
  class space    used 7629K, capacity 8321K, committed 8448K, reserved 1048576K
}
Event: 1902.710 GC heap before
{Heap before GC invocations=48 (full 20):
 PSYoungGen      total 540672K, used 8310K [0x00000000d5d80000, 0x00000000f7b80000, 0x0000000100000000)
  eden space 527360K, 0% used [0x00000000d5d80000,0x00000000d5d80000,0x00000000f6080000)
  from space 13312K, 62% used [0x00000000f6e80000,0x00000000f769da40,0x00000000f7b80000)
  to   space 13824K, 0% used [0x00000000f6080000,0x00000000f6080000,0x00000000f6e00000)
 ParOldGen       total 106496K, used 46842K [0x0000000081800000, 0x0000000088000000, 0x00000000d5d80000)
  object space 106496K, 43% used [0x0000000081800000,0x00000000845bea60,0x0000000088000000)
 Metaspace       used 60228K, capacity 64532K, committed 64728K, reserved 1105920K
  class space    used 7629K, capacity 8321K, committed 8448K, reserved 1048576K
Event: 1902.881 GC heap after
Heap after GC invocations=48 (full 20):
 PSYoungGen      total 540672K, used 0K [0x00000000d5d80000, 0x00000000f7b80000, 0x0000000100000000)
  eden space 527360K, 0% used [0x00000000d5d80000,0x00000000d5d80000,0x00000000f6080000)
  from space 13312K, 0% used [0x00000000f6e80000,0x00000000f6e80000,0x00000000f7b80000)
  to   space 13824K, 0% used [0x00000000f6080000,0x00000000f6080000,0x00000000f6e00000)
 ParOldGen       total 106496K, used 47229K [0x0000000081800000, 0x0000000088000000, 0x00000000d5d80000)
  object space 106496K, 44% used [0x0000000081800000,0x000000008461f600,0x0000000088000000)
 Metaspace       used 60226K, capacity 64526K, committed 64728K, reserved 1105920K
  class space    used 7629K, capacity 8319K, committed 8448K, reserved 1048576K
}

