# JRE version: Java(TM) SE Runtime Environment (8.0_65-b17) (build 1.8.0_65-b17)
# Java VM: Java HotSpot(TM) 64-Bit Server VM (25.65-b01 mixed mode windows-amd64 compressed oops)
Heap:
 PSYoungGen      total 489984K, used 298588K [0x00000000d5d80000, 0x00000000f5180000, 0x0000000100000000)
  eden space 481280K, 62% used [0x00000000d5d80000,0x00000000e81173f8,0x00000000f3380000)
  from space 8704K, 0% used [0x00000000f3380000,0x00000000f3380000,0x00000000f3c00000)
  to   space 15360K, 0% used [0x00000000f4280000,0x00000000f4280000,0x00000000f5180000)
 ParOldGen       total 100864K, used 42172K [0x0000000081800000, 0x0000000087a80000, 0x00000000d5d80000)
  object space 100864K, 41% used [0x0000000081800000,0x000000008412f280,0x0000000087a80000)
 Metaspace       used 56491K, capacity 58790K, committed 58968K, reserved 1101824K
  class space    used 7147K, capacity 7548K, committed 7552K, reserved 1048576K
GC Heap History (10 events):
Event: 1001.565 GC heap before
{Heap before GC invocations=36 (full 13):
 PSYoungGen      total 489984K, used 8200K [0x00000000d5d80000, 0x00000000f5380000, 0x0000000100000000)
  eden space 481280K, 0% used [0x00000000d5d80000,0x00000000d5d80000,0x00000000f3380000)
  from space 8704K, 94% used [0x00000000f3380000,0x00000000f3b823a0,0x00000000f3c00000)
  to   space 16384K, 0% used [0x00000000f4380000,0x00000000f4380000,0x00000000f5380000)
 ParOldGen       total 100864K, used 41046K [0x0000000081800000, 0x0000000087a80000, 0x00000000d5d80000)
  object space 100864K, 40% used [0x0000000081800000,0x0000000084015be8,0x0000000087a80000)
 Metaspace       used 55456K, capacity 57644K, committed 57944K, reserved 1099776K
  class space    used 7059K, capacity 7426K, committed 7552K, reserved 1048576K
Event: 1001.863 GC heap after
Heap after GC invocations=36 (full 13):
 PSYoungGen      total 489984K, used 0K [0x00000000d5d80000, 0x00000000f5380000, 0x0000000100000000)
  eden space 481280K, 0% used [0x00000000d5d80000,0x00000000d5d80000,0x00000000f3380000)
  from space 8704K, 0% used [0x00000000f3380000,0x00000000f3380000,0x00000000f3c00000)
  to   space 16384K, 0% used [0x00000000f4380000,0x00000000f4380000,0x00000000f5380000)
 ParOldGen       total 100864K, used 41411K [0x0000000081800000, 0x0000000087a80000, 0x00000000d5d80000)
  object space 100864K, 41% used [0x0000000081800000,0x0000000084070f00,0x0000000087a80000)
 Metaspace       used 55453K, capacity 57638K, committed 57944K, reserved 1099776K
  class space    used 7058K, capacity 7424K, committed 7552K, reserved 1048576K
}
Event: 1024.310 GC heap before
{Heap before GC invocations=37 (full 13):
 PSYoungGen      total 489984K, used 413751K [0x00000000d5d80000, 0x00000000f5380000, 0x0000000100000000)
  eden space 481280K, 85% used [0x00000000d5d80000,0x00000000ef18df00,0x00000000f3380000)
  from space 8704K, 0% used [0x00000000f3380000,0x00000000f3380000,0x00000000f3c00000)
  to   space 16384K, 0% used [0x00000000f4380000,0x00000000f4380000,0x00000000f5380000)
 ParOldGen       total 100864K, used 41411K [0x0000000081800000, 0x0000000087a80000, 0x00000000d5d80000)
  object space 100864K, 41% used [0x0000000081800000,0x0000000084070f00,0x0000000087a80000)
 Metaspace       used 55848K, capacity 58090K, committed 58200K, reserved 1099776K
  class space    used 7091K, capacity 7467K, committed 7552K, reserved 1048576K
Event: 1024.320 GC heap after
Heap after GC invocations=37 (full 13):
 PSYoungGen      total 496640K, used 8255K [0x00000000d5d80000, 0x00000000f5280000, 0x0000000100000000)
  eden space 481280K, 0% used [0x00000000d5d80000,0x00000000d5d80000,0x00000000f3380000)
  from space 15360K, 53% used [0x00000000f4380000,0x00000000f4b8ff00,0x00000000f5280000)
  to   space 15872K, 0% used [0x00000000f3380000,0x00000000f3380000,0x00000000f4300000)
 ParOldGen       total 100864K, used 41419K [0x0000000081800000, 0x0000000087a80000, 0x00000000d5d80000)
  object space 100864K, 41% used [0x0000000081800000,0x0000000084072f00,0x0000000087a80000)
 Metaspace       used 55848K, capacity 58090K, committed 58200K, reserved 1099776K
  class space    used 7091K, capacity 7467K, committed 7552K, reserved 1048576K
}
Event: 1024.320 GC heap before
{Heap before GC invocations=38 (full 14):
 PSYoungGen      total 496640K, used 8255K [0x00000000d5d80000, 0x00000000f5280000, 0x0000000100000000)
  eden space 481280K, 0% used [0x00000000d5d80000,0x00000000d5d80000,0x00000000f3380000)
  from space 15360K, 53% used [0x00000000f4380000,0x00000000f4b8ff00,0x00000000f5280000)
  to   space 15872K, 0% used [0x00000000f3380000,0x00000000f3380000,0x00000000f4300000)
 ParOldGen       total 100864K, used 41419K [0x0000000081800000, 0x0000000087a80000, 0x00000000d5d80000)
  object space 100864K, 41% used [0x0000000081800000,0x0000000084072f00,0x0000000087a80000)
 Metaspace       used 55848K, capacity 58090K, committed 58200K, reserved 1099776K
  class space    used 7091K, capacity 7467K, committed 7552K, reserved 1048576K
Event: 1024.529 GC heap after
Heap after GC invocations=38 (full 14):
 PSYoungGen      total 496640K, used 0K [0x00000000d5d80000, 0x00000000f5280000, 0x0000000100000000)
  eden space 481280K, 0% used [0x00000000d5d80000,0x00000000d5d80000,0x00000000f3380000)
  from space 15360K, 0% used [0x00000000f4380000,0x00000000f4380000,0x00000000f5280000)
  to   space 15872K, 0% used [0x00000000f3380000,0x00000000f3380000,0x00000000f4300000)
 ParOldGen       total 100864K, used 41796K [0x0000000081800000, 0x0000000087a80000, 0x00000000d5d80000)
  object space 100864K, 41% used [0x0000000081800000,0x00000000840d1010,0x0000000087a80000)
 Metaspace       used 55846K, capacity 58084K, committed 58200K, reserved 1099776K
  class space    used 7091K, capacity 7465K, committed 7552K, reserved 1048576K
}
Event: 1039.734 GC heap before
{Heap before GC invocations=39 (full 14):
 PSYoungGen      total 496640K, used 413445K [0x00000000d5d80000, 0x00000000f5280000, 0x0000000100000000)
  eden space 481280K, 85% used [0x00000000d5d80000,0x00000000ef141688,0x00000000f3380000)
  from space 15360K, 0% used [0x00000000f4380000,0x00000000f4380000,0x00000000f5280000)
  to   space 15872K, 0% used [0x00000000f3380000,0x00000000f3380000,0x00000000f4300000)
 ParOldGen       total 100864K, used 41796K [0x0000000081800000, 0x0000000087a80000, 0x00000000d5d80000)
  object space 100864K, 41% used [0x0000000081800000,0x00000000840d1010,0x0000000087a80000)
 Metaspace       used 56241K, capacity 58536K, committed 58712K, reserved 1099776K
  class space    used 7124K, capacity 7508K, committed 7552K, reserved 1048576K
Event: 1039.745 GC heap after
Heap after GC invocations=39 (full 14):
 PSYoungGen      total 489984K, used 8287K [0x00000000d5d80000, 0x00000000f5180000, 0x0000000100000000)
  eden space 481280K, 0% used [0x00000000d5d80000,0x00000000d5d80000,0x00000000f3380000)
  from space 8704K, 95% used [0x00000000f3380000,0x00000000f3b97f00,0x00000000f3c00000)
  to   space 15360K, 0% used [0x00000000f4280000,0x00000000f4280000,0x00000000f5180000)
 ParOldGen       total 100864K, used 41804K [0x0000000081800000, 0x0000000087a80000, 0x00000000d5d80000)
  object space 100864K, 41% used [0x0000000081800000,0x00000000840d3010,0x0000000087a80000)
 Metaspace       used 56241K, capacity 58536K, committed 58712K, reserved 1099776K
  class space    used 7124K, capacity 7508K, committed 7552K, reserved 1048576K
}
Event: 1039.745 GC heap before
{Heap before GC invocations=40 (full 15):
 PSYoungGen      total 489984K, used 8287K [0x00000000d5d80000, 0x00000000f5180000, 0x0000000100000000)
  eden space 481280K, 0% used [0x00000000d5d80000,0x00000000d5d80000,0x00000000f3380000)
  from space 8704K, 95% used [0x00000000f3380000,0x00000000f3b97f00,0x00000000f3c00000)
  to   space 15360K, 0% used [0x00000000f4280000,0x00000000f4280000,0x00000000f5180000)
 ParOldGen       total 100864K, used 41804K [0x0000000081800000, 0x0000000087a80000, 0x00000000d5d80000)
  object space 100864K, 41% used [0x0000000081800000,0x00000000840d3010,0x0000000087a80000)
 Metaspace       used 56241K, capacity 58536K, committed 58712K, reserved 1099776K
  class space    used 7124K, capacity 7508K, committed 7552K, reserved 1048576K
Event: 1039.919 GC heap after
Heap after GC invocations=40 (full 15):
 PSYoungGen      total 489984K, used 0K [0x00000000d5d80000, 0x00000000f5180000, 0x0000000100000000)
  eden space 481280K, 0% used [0x00000000d5d80000,0x00000000d5d80000,0x00000000f3380000)
  from space 8704K, 0% used [0x00000000f3380000,0x00000000f3380000,0x00000000f3c00000)
  to   space 15360K, 0% used [0x00000000f4280000,0x00000000f4280000,0x00000000f5180000)
 ParOldGen       total 100864K, used 42172K [0x0000000081800000, 0x0000000087a80000, 0x00000000d5d80000)
  object space 100864K, 41% used [0x0000000081800000,0x000000008412f280,0x0000000087a80000)
 Metaspace       used 56238K, capacity 58530K, committed 58712K, reserved 1099776K
  class space    used 7123K, capacity 7506K, committed 7552K, reserved 1048576K
}

